scaling data...
splitting data...
extracting fully known data...
training random forest...
  obtaining best hyperparameters...
  found best hyperparameters (as follows):
    min_samples_split: 0.2
    max_depth: 33
  generating 1000 classifiers using found parameters...
out-of-bag score: 0.7491039426523297
---
train set BA: 0.8266846361185984
train set: percent of introduced mislabeled to native: 0.72%
train set: percent of native mislabeled to introduced: 19.35%
---
test set BA : 0.9545454545454546
test set: percent of introduced mislabeled to native: 0.00%
test set: percent of native mislabeled to introduced: 8.57%
---
saving confusion matrix...
imputing data...
predicting unknown class labels...
saving new output...
generating final graphs...
...done!
