scaling data...
splitting data...
extracting fully known data...
splitting data...
extracting fully known data...
training random forest...
  training RandomForestClassifier
  using variables:
    ML_Distance
    ML_Similarity
    dN_Distance
    dN_Similarity
    dS_Distance
    dS_Similarity
    AA_Distance
    AA_Similarity
    Ztest_Distance
    Ztest_Similarity
    dN/dS_Distance
    dN/dS_Similarity
  obtaining best hyperparameters...
  found best hyperparameters (as follows):
    min_samples_split: 0.45
    max_depth: 36

final trained classifier report
---
out-of-bag score: 0.7060931899641577
---
train/test scoring method: balanced_accuracy_score
---
train set score: 0.8227762803234502
train set: percent of introduced mislabeled to native: 0.36%
train set: percent of native mislabeled to introduced: 26.88%
---
test set score: 0.7234848484848485
test set: percent of introduced mislabeled to native: 1.43%
test set: percent of native mislabeled to introduced: 28.57%
---
feature permuation importances:
  AA_Distance      : 0.047 +/- 0.047
  dN/dS_Distance   : 0.030 +/- 0.030
  dN_Distance      : 0.027 +/- 0.027
  ML_Distance      : 0.022 +/- 0.022
  dS_Distance      : 0.019 +/- 0.019
  Ztest_Distance   : 0.001 +/- 0.001
  dN_Similarity    : 0.000 +/- 0.000
  AA_Similarity    : 0.000 +/- 0.000
  dS_Similarity    : 0.000 +/- 0.000
  ML_Similarity    : 0.000 +/- 0.000
  dN/dS_Similarity : -0.001 +/- -0.001
  Ztest_Similarity : -0.001 +/- -0.001
---
