scaling data...
splitting data...
extracting fully known data...
splitting data...
extracting fully known data...
training random forest...
  training RandomForestClassifier
  using variables:
    ML_Distance
    ML_Similarity
    dN_Distance
    dN_Similarity
    dS_Distance
    dS_Similarity
    AA_Distance
    AA_Similarity
    Ztest_Distance
    Ztest_Similarity
    dN/dS_Distance
    dN/dS_Similarity
  obtaining best hyperparameters...
  found best hyperparameters (as follows):
    min_samples_split: 0.35000000000000003
    max_depth: 50
out-of-bag score: 0.7066666666666667
---
train/test scoring method: balanced_accuracy_score
---
train set score: 0.8176705370101597
train set: percent of introduced mislabeled to native: 0.44%
train set: percent of native mislabeled to introduced: 27.11%
---
test set score: 0.8518518518518519
test set: percent of introduced mislabeled to native: 0.00%
test set: percent of native mislabeled to introduced: 28.07%
---
scaling data...
imputing data...
predicting unknown class labels...
saving new output...
