scaling data...
splitting data...
extracting fully known data...
splitting data...
extracting fully known data...
training random forest...
  training RandomForestClassifier
  using variables:
    x0
    x1
    x2
    x3
    x4
    x5
    x6
    x7
    x8
    x9
    x10
    x11
    x12
    x13
    x14
    x15
    x16
    x17
    x18
    x19
    x20
    x21
    x22
    x23
    x24
    x25
    x26
    x27
    x28
    x29
    x30
    x31
    x32
    x33
    x34
    x35
    x36
    x37
    x38
    x39
    x40
    x41
    x42
    x43
    x44
    x45
    x46
    x47
    x48
    x49
    x50
    x51
    x52
    x53
    x54
    x55
    x56
    x57
    x58
    x59
    x60
    x61
    x62
    x63
    x64
    x65
    x66
    x67
    x68
    x69
    x70
    x71
    x72
    x73
    x74
  obtaining best hyperparameters...
  found best hyperparameters (as follows):
    min_samples_split: 0.1
    max_depth: 47
out-of-bag score: 0.93875
---
train/test scoring method: balanced_accuracy_score
---
train set score: 0.9600240006000149
train set: percent of 1 mislabeled to 0: 1.75%
train set: percent of 0 mislabeled to 1: 2.25%
---
test set score: 0.9400940094009401
test set: percent of 1 mislabeled to 0: 2.50%
test set: percent of 0 mislabeled to 1: 3.50%
---
scaling data...
imputing data...
predicting unknown class labels...
saving new output...
