scaling data...
splitting data...
extracting fully known data...
splitting data...
extracting fully known data...
training random forest...
  training RandomForestClassifier
  using variables:
    ML_Distance
    ML_Similarity
    dN_Distance
    dN_Similarity
    dS_Distance
    dS_Similarity
    AA_Distance
    AA_Similarity
    Ztest_Distance
    Ztest_Similarity
    dN/dS_Distance
    dN/dS_Similarity
  obtaining best hyperparameters...
  found best hyperparameters (as follows):
    min_samples_split: 0.3
    max_depth: 18

final trained classifier report
---
out-of-bag score: 0.7168458781362007
---
train/test scoring method: balanced_accuracy_score
---
train set score: 0.8303234501347709
train set: percent of introduced mislabeled to native: 0.36%
train set: percent of native mislabeled to introduced: 25.45%
---
test set score: 0.7462121212121212
test set: percent of introduced mislabeled to native: 1.43%
test set: percent of native mislabeled to introduced: 24.29%
---
feature permuation importances:
  AA_Distance      : 0.061 +/- 0.061
  dS_Distance      : 0.045 +/- 0.045
  dN/dS_Distance   : 0.042 +/- 0.042
  Ztest_Similarity : 0.039 +/- 0.039
  dN_Similarity    : 0.029 +/- 0.029
  ML_Distance      : 0.019 +/- 0.019
  dN_Distance      : 0.015 +/- 0.015
  dN/dS_Similarity : 0.007 +/- 0.007
  Ztest_Distance   : 0.003 +/- 0.003
  dS_Similarity    : 0.002 +/- 0.002
  ML_Similarity    : 0.001 +/- 0.001
  AA_Similarity    : 0.000 +/- 0.000
---
