scaling data...
splitting data...
extracting fully known data...
splitting data...
extracting fully known data...
training random forest...
  training RandomForestClassifier
  using variables:
    ML_Distance
    ML_Similarity
    dN_Distance
    dN_Similarity
    dS_Distance
    dS_Similarity
    AA_Distance
    AA_Similarity
    Ztest_Distance
    Ztest_Similarity
    dN/dS_Distance
    dN/dS_Similarity
  obtaining best hyperparameters...
  found best hyperparameters (as follows):
    min_samples_split: 0.3
    max_depth: 24

final trained classifier report
---
out-of-bag score: 0.7132616487455197
---
train/test scoring method: balanced_accuracy_score
---
train set score: 0.8584905660377358
train set: percent of introduced mislabeled to native: 0.00%
train set: percent of native mislabeled to introduced: 26.88%
---
test set score: 0.7537878787878788
test set: percent of introduced mislabeled to native: 1.43%
test set: percent of native mislabeled to introduced: 22.86%
---
feature permuation importances:
  dN_Distance      : 0.153 +/- 0.153
  AA_Distance      : 0.030 +/- 0.030
  ML_Distance      : 0.029 +/- 0.029
  dS_Distance      : 0.021 +/- 0.021
  dN/dS_Distance   : 0.019 +/- 0.019
  AA_Similarity    : 0.002 +/- 0.002
  dN_Similarity    : 0.001 +/- 0.001
  Ztest_Similarity : 0.001 +/- 0.001
  Ztest_Distance   : 0.000 +/- 0.000
  ML_Similarity    : -0.001 +/- -0.001
  dN/dS_Similarity : -0.002 +/- -0.002
  dS_Similarity    : -0.003 +/- -0.003
---
