scaling data...
splitting data...
extracting fully known data...
training random forest...
  training RandomForestClassifier
  using variables:
    ML_Distance
    ML_Similarity
    dN_Distance
    dN_Similarity
    dS_Distance
    dS_Similarity
    AA_Distance
    AA_Similarity
    Ztest_Distance
    Ztest_Similarity
    dN/dS_Distance
    dN/dS_Similarity
  obtaining best hyperparameters...
  found best hyperparameters (as follows):
    min_samples_split: 0.3
    max_depth: 31
out-of-bag score: 0.7347670250896058
---
train/test scoring method: balanced_accuracy_score
---
train set score: 0.8359838274932614
train set: percent of introduced mislabeled to native: 0.36%
train set: percent of native mislabeled to introduced: 24.37%
---
test set score: 0.8257575757575757
test set: percent of introduced mislabeled to native: 0.00%
test set: percent of native mislabeled to introduced: 32.86%
---
saving confusion matrix...
