scaling data...
splitting data...
extracting fully known data...
training random forest...
  training RandomForestClassifier
  using variables:
    ML_Distance
    ML_Similarity
    dN_Distance
    dN_Similarity
    dS_Distance
    dS_Similarity
    AA_Distance
    AA_Similarity
    Ztest_Distance
    Ztest_Similarity
    dN/dS_Distance
    dN/dS_Similarity
  obtaining best hyperparameters...
  found best hyperparameters (as follows):
    min_samples_split: 0.45
    max_depth: 10
out-of-bag score: 0.7240143369175627
---
train/test scoring method: balanced_accuracy_score
---
train set score: 0.8284366576819406
train set: percent of introduced mislabeled to native: 0.36%
train set: percent of native mislabeled to introduced: 25.81%
---
test set score: 0.7537878787878788
test set: percent of introduced mislabeled to native: 1.43%
test set: percent of native mislabeled to introduced: 22.86%
---
saving confusion matrix...
imputing data...
