scaling data...
splitting data...
extracting fully known data...
training random forest...
  training using variables:
    ML_Distance
  obtaining best hyperparameters...
  found best hyperparameters (as follows):
    min_samples_split: 0.35000000000000003
    max_depth: 45
out-of-bag score: 0.6029411764705882
---
train set BA: 0.691567801308349
train set: percent of introduced mislabeled to native: 1.76%
train set: percent of native mislabeled to introduced: 37.50%
---
test set BA : 0.708974358974359
test set: percent of introduced mislabeled to native: 1.17%
test set: percent of native mislabeled to introduced: 40.94%
---
scaling data...
imputing data...
predicting unknown class labels...
scaling data...
imputing data...
predicting unknown class labels...
