scaling data...
imputing data...
predicting unknown class labels...
saving new output...
scaling data...
splitting data...
extracting fully known data...
splitting data...
extracting fully known data...
training random forest...
  training RandomForestClassifier
  using variables:
    ML_Distance
    ML_Similarity
    dN_Distance
    dN_Similarity
    dS_Distance
    dS_Similarity
    AA_Distance
    AA_Similarity
    Ztest_Distance
    Ztest_Similarity
    dN/dS_Distance
    dN/dS_Similarity
  obtaining best hyperparameters...
  found best hyperparameters (as follows):
    min_samples_split: 0.45
    max_depth: 21
out-of-bag score: 0.7240143369175627
---
train/test scoring method: balanced_accuracy_score
---
train set score: 0.8246630727762803
train set: percent of introduced mislabeled to native: 0.36%
train set: percent of native mislabeled to introduced: 26.52%
---
test set score: 0.7310606060606061
test set: percent of introduced mislabeled to native: 1.43%
test set: percent of native mislabeled to introduced: 27.14%
---
scaling data...
imputing data...
predicting unknown class labels...
saving new output...
scaling data...
imputing data...
scaling data...
splitting data...
extracting fully known data...
splitting data...
extracting fully known data...
training random forest...
  training RandomForestClassifier
  using variables:
    x0
    x1
    x2
    x3
    x4
    x5
    x6
    x7
    x8
    x9
    x10
    x11
  obtaining best hyperparameters...
  found best hyperparameters (as follows):
    min_samples_split: 0.1
    max_depth: 36
out-of-bag score: 0.96125
---
train/test scoring method: balanced_accuracy_score
---
train set score: 0.9663216645104031
train set: percent of 1 mislabeled to 0: 3.12%
train set: percent of 0 mislabeled to 1: 0.25%
---
test set score: 0.96
test set: percent of 1 mislabeled to 0: 4.00%
test set: percent of 0 mislabeled to 1: 0.00%
---
scaling data...
imputing data...
predicting unknown class labels...
saving new output...
