scaling data...
splitting data...
extracting fully known data...
splitting data...
extracting fully known data...
training random forest...
  training RandomForestClassifier
  using variables:
    ML_Distance
    ML_Similarity
    dN_Distance
    dN_Similarity
    dS_Distance
    dS_Similarity
    AA_Distance
    AA_Similarity
    Ztest_Distance
    Ztest_Similarity
    dN/dS_Distance
    dN/dS_Similarity
  obtaining best hyperparameters...
  found best hyperparameters (as follows):
    min_samples_split: 0.4
    max_depth: 22

final trained classifier report
---
out-of-bag score: 0.7025089605734767
---
train/test scoring method: balanced_accuracy_score
---
train set score: 0.8133423180592991
train set: percent of introduced mislabeled to native: 0.36%
train set: percent of native mislabeled to introduced: 28.67%
---
test set score: 0.7689393939393939
test set: percent of introduced mislabeled to native: 1.43%
test set: percent of native mislabeled to introduced: 20.00%
---
feature permuation importances:
  AA_Distance      : 0.140 +/- 0.140
  ML_Distance      : 0.034 +/- 0.034
  dN_Distance      : 0.024 +/- 0.024
  Ztest_Similarity : 0.019 +/- 0.019
  dN/dS_Distance   : 0.017 +/- 0.017
  dS_Distance      : 0.017 +/- 0.017
  dN_Similarity    : 0.002 +/- 0.002
  Ztest_Distance   : 0.000 +/- 0.000
  ML_Similarity    : 0.000 +/- 0.000
  AA_Similarity    : 0.000 +/- 0.000
  dN/dS_Similarity : -0.001 +/- -0.001
  dS_Similarity    : -0.001 +/- -0.001
---
scaling data...
imputing data...
predicting unknown class labels...
saving new output...
