scaling data...
splitting data...
extracting fully known data...
splitting data...
extracting fully known data...
training random forest...
  training RandomForestClassifier
  using variables:
    ML_Distance
    ML_Similarity
    dN_Distance
    dN_Similarity
    dS_Distance
    dS_Similarity
    AA_Distance
    AA_Similarity
    Ztest_Distance
    Ztest_Similarity
    dN/dS_Distance
    dN/dS_Similarity
  obtaining best hyperparameters...
  found best hyperparameters (as follows):
    min_samples_split: 0.25
    max_depth: 32

final trained classifier report
---
out-of-bag score: 0.7240143369175627
---
train/test scoring method: balanced_accuracy_score
---
train set score: 0.8265498652291106
train set: percent of introduced mislabeled to native: 0.36%
train set: percent of native mislabeled to introduced: 26.16%
---
test set score: 0.7159090909090908
test set: percent of introduced mislabeled to native: 1.43%
test set: percent of native mislabeled to introduced: 30.00%
---
feature permuation importances:
  AA_Distance      : 0.197 +/- 0.197
  dS_Distance      : 0.020 +/- 0.020
  ML_Distance      : 0.020 +/- 0.020
  dN_Distance      : 0.016 +/- 0.016
  dN/dS_Similarity : 0.013 +/- 0.013
  Ztest_Distance   : 0.000 +/- 0.000
  dS_Similarity    : 0.000 +/- 0.000
  ML_Similarity    : 0.000 +/- 0.000
  AA_Similarity    : -0.001 +/- -0.001
  dN_Similarity    : -0.001 +/- -0.001
  Ztest_Similarity : -0.001 +/- -0.001
  dN/dS_Distance   : -0.005 +/- -0.005
---
