scaling data...
splitting data...
extracting fully known data...
training random forest...
  training using variables:
    ML_Distance
    ML_Similarity
    dN_Distance
    dN_Similarity
    dS_Distance
    dS_Similarity
    AA_Distance
    AA_Similarity
    Ztest_Distance
    Ztest_Similarity
    dN/dS_Distance
    dN/dS_Similarity
  obtaining best hyperparameters...
  found best hyperparameters (as follows):
    min_samples_split: 0.4
    max_depth: 45
out-of-bag score: 0.7244444444444444
---
train set BA: 0.8608490566037736
train set: percent of introduced mislabeled to native: 0.00%
train set: percent of native mislabeled to introduced: 26.22%
---
test set BA : 0.5555555555555556
test set: percent of introduced mislabeled to native: 3.51%
test set: percent of native mislabeled to introduced: 21.05%
---
scaling data...
imputing data...
predicting unknown class labels...
