scaling data...
splitting data...
extracting fully known data...
splitting data...
extracting fully known data...
training random forest...
  training RandomForestClassifier
  using variables:
    ML_Distance
    ML_Similarity
    dN_Distance
    dN_Similarity
    dS_Distance
    dS_Similarity
    AA_Distance
    AA_Similarity
    Ztest_Distance
    Ztest_Similarity
    dN/dS_Distance
    dN/dS_Similarity
  obtaining best hyperparameters...
  found best hyperparameters (as follows):
    min_samples_split: 0.3
    max_depth: 14
out-of-bag score: 0.7347670250896058
---
train/test scoring method: balanced_accuracy_score
---
train set score: 0.832210242587601
train set: percent of introduced mislabeled to native: 0.36%
train set: percent of native mislabeled to introduced: 25.09%
---
test set score: 0.7613636363636364
test set: percent of introduced mislabeled to native: 1.43%
test set: percent of native mislabeled to introduced: 21.43%
---
