scaling data...
splitting data...
extracting fully known data...
splitting data...
extracting fully known data...
training random forest...
  training RandomForestClassifier
  using variables:
    ML_Distance
    ML_Similarity
    dN_Distance
    dN_Similarity
    dS_Distance
    dS_Similarity
    AA_Distance
    AA_Similarity
    Ztest_Distance
    Ztest_Similarity
    dN/dS_Distance
    dN/dS_Similarity
  obtaining best hyperparameters...
  found best hyperparameters (as follows):
    min_samples_split: 0.45
    max_depth: 11

final trained classifier report
---
out-of-bag score: 0.7311827956989247
---
train/test scoring method: balanced_accuracy_score
---
train set score: 0.8679245283018868
train set: percent of introduced mislabeled to native: 0.00%
train set: percent of native mislabeled to introduced: 25.09%
---
test set score: 0.4810606060606061
test set: percent of introduced mislabeled to native: 4.29%
test set: percent of native mislabeled to introduced: 27.14%
---
feature permuation importances:
  AA_Distance      : 0.161 +/- 0.161
  dN_Distance      : 0.039 +/- 0.039
  dN/dS_Similarity : 0.000 +/- 0.000
  Ztest_Distance   : 0.000 +/- 0.000
  AA_Similarity    : 0.000 +/- 0.000
  dN_Similarity    : 0.000 +/- 0.000
  dS_Similarity    : -0.000 +/- -0.000
  Ztest_Similarity : -0.000 +/- -0.000
  ML_Similarity    : -0.001 +/- -0.001
  dS_Distance      : -0.005 +/- -0.005
  ML_Distance      : -0.005 +/- -0.005
  dN/dS_Distance   : -0.015 +/- -0.015
---
