scaling data...
splitting data...
extracting fully known data...
training random forest...
  training using variables:
    ML_Distance
    ML_Similarity
    dN_Distance
    dN_Similarity
    dS_Distance
    dS_Similarity
    AA_Distance
    AA_Similarity
    Ztest_Distance
    Ztest_Similarity
    dN/dS_Distance
    dN/dS_Similarity
  obtaining best hyperparameters...
  found best hyperparameters (as follows):
    min_samples_split: 0.3
    max_depth: 17
out-of-bag score: 0.7204301075268817
---
train set BA: 0.8660377358490565
train set: percent of introduced mislabeled to native: 0.00%
train set: percent of native mislabeled to introduced: 25.45%
---
test set BA : 0.7234848484848485
test set: percent of introduced mislabeled to native: 1.43%
test set: percent of native mislabeled to introduced: 28.57%
---
scaling data...
imputing data...
predicting unknown class labels...
