scaling data...
splitting data...
extracting fully known data...
splitting data...
extracting fully known data...
training random forest...
  training RandomForestClassifier
  using variables:
    ML_Distance
    ML_Similarity
    dN_Distance
    dN_Similarity
    dS_Distance
    dS_Similarity
    AA_Distance
    AA_Similarity
    Ztest_Distance
    Ztest_Similarity
    dN/dS_Distance
    dN/dS_Similarity
  obtaining best hyperparameters...
  found best hyperparameters (as follows):
    min_samples_split: 0.2
    max_depth: 10

final trained classifier report
---
out-of-bag score: 0.7455197132616488
---
train/test scoring method: balanced_accuracy_score
---
train set score: 0.8454177897574124
train set: percent of introduced mislabeled to native: 0.36%
train set: percent of native mislabeled to introduced: 22.58%
---
test set score: 0.7462121212121212
test set: percent of introduced mislabeled to native: 1.43%
test set: percent of native mislabeled to introduced: 24.29%
---
feature permuation importances:
  AA_Distance      : 0.191 +/- 0.191
  dN_Distance      : 0.083 +/- 0.083
  ML_Distance      : 0.041 +/- 0.041
  dS_Distance      : 0.037 +/- 0.037
  Ztest_Similarity : 0.030 +/- 0.030
  dN_Similarity    : 0.010 +/- 0.010
  dN/dS_Distance   : 0.008 +/- 0.008
  Ztest_Distance   : 0.006 +/- 0.006
  dN/dS_Similarity : 0.003 +/- 0.003
  AA_Similarity    : 0.003 +/- 0.003
  ML_Similarity    : 0.002 +/- 0.002
  dS_Similarity    : 0.001 +/- 0.001
---
