scaling data...
splitting data...
extracting fully known data...
training random forest...
  training using variables:
    ML_Distance
    ML_Similarity
    dN_Distance
    dN_Similarity
    dS_Distance
    dS_Similarity
    AA_Distance
    AA_Similarity
    Ztest_Distance
    Ztest_Similarity
    dN/dS_Distance
    dN/dS_Similarity
  obtaining best hyperparameters...
  found best hyperparameters (as follows):
    min_samples_split: 0.3
    max_depth: 30
out-of-bag score: 0.7168458781362007
---
train set BA: 0.8265498652291106
train set: percent of introduced mislabeled to native: 0.36%
train set: percent of native mislabeled to introduced: 26.16%
---
test set BA : 0.8333333333333333
test set: percent of introduced mislabeled to native: 0.00%
test set: percent of native mislabeled to introduced: 31.43%
---
