scaling data...
splitting data...
extracting fully known data...
splitting data...
extracting fully known data...
training random forest...
  training RandomForestClassifier
  using variables:
    ML_Distance
    ML_Similarity
    dN_Distance
    dN_Similarity
    dS_Distance
    dS_Similarity
    AA_Distance
    AA_Similarity
    Ztest_Distance
    Ztest_Similarity
    dN/dS_Distance
    dN/dS_Similarity
  obtaining best hyperparameters...
  found best hyperparameters (as follows):
    min_samples_split: 0.2
    max_depth: 18

final trained classifier report
---
out-of-bag score: 0.8207885304659498
---
train/test scoring method: balanced_accuracy_score
---
train set score: 0.881266846361186
train set: percent of introduced mislabeled to native: 0.36%
train set: percent of native mislabeled to introduced: 15.77%
---
test set score: 0.6363636363636364
test set: percent of introduced mislabeled to native: 2.86%
test set: percent of native mislabeled to introduced: 21.43%
---
feature permuation importances:
  AA_Distance      : 0.109 +/- 0.109
  dN_Distance      : 0.045 +/- 0.045
  dS_Distance      : 0.039 +/- 0.039
  ML_Distance      : 0.036 +/- 0.036
  dN/dS_Distance   : 0.014 +/- 0.014
  AA_Similarity    : 0.004 +/- 0.004
  dN_Similarity    : 0.004 +/- 0.004
  dN/dS_Similarity : 0.004 +/- 0.004
  Ztest_Distance   : 0.001 +/- 0.001
  Ztest_Similarity : -0.001 +/- -0.001
  dS_Similarity    : -0.001 +/- -0.001
  ML_Similarity    : -0.002 +/- -0.002
---
