scaling data...
imputing data...
predicting unknown class labels...
saving new output...
scaling data...
splitting data...
extracting fully known data...
splitting data...
extracting fully known data...
training random forest...
  training RandomForestClassifier
  using variables:
    ML_Distance
    ML_Similarity
    dN_Distance
    dN_Similarity
    dS_Distance
    dS_Similarity
    AA_Distance
    AA_Similarity
    Ztest_Distance
    Ztest_Similarity
    dN/dS_Distance
    dN/dS_Similarity
  obtaining best hyperparameters...
  found best hyperparameters (as follows):
    min_samples_split: 0.35000000000000003
    max_depth: 42

final trained classifier report
---
out-of-bag score: 0.7025089605734767
---
train/test scoring method: balanced_accuracy_score
---
train set score: 0.8566037735849057
train set: percent of introduced mislabeled to native: 0.00%
train set: percent of native mislabeled to introduced: 27.24%
---
test set score: 0.7840909090909092
test set: percent of introduced mislabeled to native: 1.43%
test set: percent of native mislabeled to introduced: 17.14%
---
feature permuation importances:
  dN_Distance      : 0.132 +/- 0.132
  Ztest_Similarity : 0.039 +/- 0.039
  dN/dS_Distance   : 0.038 +/- 0.038
  AA_Distance      : 0.035 +/- 0.035
  dS_Distance      : 0.033 +/- 0.033
  ML_Distance      : 0.030 +/- 0.030
  ML_Similarity    : 0.001 +/- 0.001
  dS_Similarity    : 0.001 +/- 0.001
  dN/dS_Similarity : 0.000 +/- 0.000
  Ztest_Distance   : 0.000 +/- 0.000
  AA_Similarity    : 0.000 +/- 0.000
  dN_Similarity    : 0.000 +/- 0.000
---
scaling data...
imputing data...
