scaling data...
splitting data...
extracting fully known data...
splitting data...
extracting fully known data...
training random forest...
  training RandomForestClassifier
  using variables:
    ML_Distance
    ML_Similarity
    dN_Distance
    dN_Similarity
    dS_Distance
    dS_Similarity
    AA_Distance
    AA_Similarity
    Ztest_Distance
    Ztest_Similarity
    dN/dS_Distance
    dN/dS_Similarity
  obtaining best hyperparameters...
  found best hyperparameters (as follows):
    min_samples_split: 0.45
    max_depth: 11

final trained classifier report
---
out-of-bag score: 0.7275985663082437
---
train/test scoring method: balanced_accuracy_score
---
train set score: 0.8303234501347709
train set: percent of introduced mislabeled to native: 0.36%
train set: percent of native mislabeled to introduced: 25.45%
---
test set score: 0.7878787878787878
test set: percent of introduced mislabeled to native: 0.00%
test set: percent of native mislabeled to introduced: 40.00%
---
feature permuation importances:
  dN/dS_Distance   : 0.031 +/- 0.031
  ML_Distance      : 0.029 +/- 0.029
  dS_Distance      : 0.026 +/- 0.026
  dN_Distance      : 0.019 +/- 0.019
  AA_Distance      : 0.010 +/- 0.010
  Ztest_Similarity : 0.005 +/- 0.005
  Ztest_Distance   : 0.001 +/- 0.001
  dS_Similarity    : 0.000 +/- 0.000
  dN/dS_Similarity : 0.000 +/- 0.000
  AA_Similarity    : 0.000 +/- 0.000
  dN_Similarity    : -0.001 +/- -0.001
  ML_Similarity    : -0.001 +/- -0.001
---
