scaling data...
splitting data...
extracting fully known data...
splitting data...
extracting fully known data...
training random forest...
  training RandomForestClassifier
  using variables:
    ML_Distance
    ML_Similarity
    dN_Distance
    dN_Similarity
    dS_Distance
    dS_Similarity
    AA_Distance
    AA_Similarity
    Ztest_Distance
    Ztest_Similarity
    dN/dS_Distance
    dN/dS_Similarity
  obtaining best hyperparameters...
  found best hyperparameters (as follows):
    min_samples_split: 0.3
    max_depth: 43

final trained classifier report
---
out-of-bag score: 0.7383512544802867
---
train/test scoring method: balanced_accuracy_score
---
train set score: 0.8340970350404313
train set: percent of introduced mislabeled to native: 0.36%
train set: percent of native mislabeled to introduced: 24.73%
---
test set score: 0.5984848484848485
test set: percent of introduced mislabeled to native: 2.86%
test set: percent of native mislabeled to introduced: 28.57%
---
feature permuation importances:
  ML_Distance      : 0.014 +/- 0.014
  dS_Distance      : 0.012 +/- 0.012
  dN/dS_Distance   : 0.012 +/- 0.012
  AA_Distance      : 0.012 +/- 0.012
  dS_Similarity    : 0.002 +/- 0.002
  Ztest_Distance   : 0.002 +/- 0.002
  Ztest_Similarity : 0.000 +/- 0.000
  ML_Similarity    : 0.000 +/- 0.000
  dN/dS_Similarity : -0.000 +/- -0.000
  AA_Similarity    : -0.000 +/- -0.000
  dN_Similarity    : -0.000 +/- -0.000
  dN_Distance      : -0.004 +/- -0.004
---
