scaling data...
splitting data...
extracting fully known data...
splitting data...
extracting fully known data...
training random forest...
  training RandomForestClassifier
  using variables:
    ML_Distance
    ML_Similarity
    dN_Distance
    dN_Similarity
    dS_Distance
    dS_Similarity
    AA_Distance
    AA_Similarity
    Ztest_Distance
    Ztest_Similarity
    dN/dS_Distance
    dN/dS_Similarity
  obtaining best hyperparameters...
  found best hyperparameters (as follows):
    min_samples_split: 0.4
    max_depth: 21

final trained classifier report
---
out-of-bag score: 0.7275985663082437
---
train/test scoring method: balanced_accuracy_score
---
train set score: 0.8303234501347709
train set: percent of introduced mislabeled to native: 0.36%
train set: percent of native mislabeled to introduced: 25.45%
---
test set score: 0.6856060606060606
test set: percent of introduced mislabeled to native: 1.43%
test set: percent of native mislabeled to introduced: 35.71%
---
feature permuation importances:
  AA_Distance      : 0.262 +/- 0.262
  dS_Distance      : 0.017 +/- 0.017
  dN_Similarity    : 0.002 +/- 0.002
  dN/dS_Similarity : 0.002 +/- 0.002
  Ztest_Distance   : 0.000 +/- 0.000
  AA_Similarity    : 0.000 +/- 0.000
  dS_Similarity    : -0.001 +/- -0.001
  ML_Similarity    : -0.001 +/- -0.001
  Ztest_Similarity : -0.002 +/- -0.002
  dN/dS_Distance   : -0.005 +/- -0.005
  ML_Distance      : -0.009 +/- -0.009
  dN_Distance      : -0.025 +/- -0.025
---
