scaling data...
splitting data...
extracting fully known data...
splitting data...
extracting fully known data...
training random forest...
  training RandomForestClassifier
  using variables:
    ML_Distance
    ML_Similarity
    dN_Distance
    dN_Similarity
    dS_Distance
    dS_Similarity
    AA_Distance
    AA_Similarity
    Ztest_Distance
    Ztest_Similarity
    dN/dS_Distance
    dN/dS_Similarity
  obtaining best hyperparameters...
  found best hyperparameters (as follows):
    min_samples_split: 0.35000000000000003
    max_depth: 23

final trained classifier report
---
out-of-bag score: 0.7132616487455197
---
train/test scoring method: balanced_accuracy_score
---
train set score: 0.8246630727762803
train set: percent of introduced mislabeled to native: 0.36%
train set: percent of native mislabeled to introduced: 26.52%
---
test set score: 0.8181818181818181
test set: percent of introduced mislabeled to native: 0.00%
test set: percent of native mislabeled to introduced: 34.29%
---
feature permuation importances:
  dN_Distance      : 0.051 +/- 0.051
  AA_Distance      : 0.047 +/- 0.047
  dS_Distance      : 0.032 +/- 0.032
  ML_Distance      : 0.023 +/- 0.023
  dN/dS_Distance   : 0.014 +/- 0.014
  Ztest_Distance   : 0.002 +/- 0.002
  dN_Similarity    : 0.001 +/- 0.001
  dN/dS_Similarity : 0.001 +/- 0.001
  ML_Similarity    : -0.002 +/- -0.002
  AA_Similarity    : -0.003 +/- -0.003
  Ztest_Similarity : -0.003 +/- -0.003
  dS_Similarity    : -0.004 +/- -0.004
---
scaling data...
splitting data...
extracting fully known data...
splitting data...
extracting fully known data...
training random forest...
  training RandomForestClassifier
  using variables:
    ML_Distance
    ML_Similarity
    dN_Distance
    dN_Similarity
    dS_Distance
    dS_Similarity
    AA_Distance
    AA_Similarity
    Ztest_Distance
    Ztest_Similarity
    dN/dS_Distance
    dN/dS_Similarity
  obtaining best hyperparameters...
  found best hyperparameters (as follows):
    min_samples_split: 0.45
    max_depth: 41
  generating 10 classifiers using found parameters...

final trained classifier report
---
out-of-bag score: 0.7025089605734767
---
train/test scoring method: balanced_accuracy_score
---
train set score: 0.8208894878706199
train set: percent of introduced mislabeled to native: 0.36%
train set: percent of native mislabeled to introduced: 27.24%
---
test set score: 0.9090909090909092
test set: percent of introduced mislabeled to native: 0.00%
test set: percent of native mislabeled to introduced: 17.14%
---
feature permuation importances:
  ML_Distance      : 0.056 +/- 0.056
  dN_Distance      : 0.050 +/- 0.050
  AA_Distance      : 0.049 +/- 0.049
  dS_Distance      : 0.037 +/- 0.037
  dN/dS_Distance   : 0.032 +/- 0.032
  Ztest_Similarity : 0.004 +/- 0.004
  AA_Similarity    : 0.000 +/- 0.000
  dS_Similarity    : 0.000 +/- 0.000
  ML_Similarity    : -0.000 +/- -0.000
  dN/dS_Similarity : -0.000 +/- -0.000
  dN_Similarity    : -0.000 +/- -0.000
  Ztest_Distance   : -0.002 +/- -0.002
---
