scaling data...
splitting data...
extracting fully known data...
splitting data...
extracting fully known data...
training random forest...
  training RandomForestClassifier
  using variables:
    x0
    x1
    x2
    x3
    x4
    x5
    x6
    x7
    x8
    x9
    x10
    x11
    x12
    x13
    x14
    x15
    x16
    x17
    x18
    x19
    x20
    x21
    x22
    x23
    x24
    x25
    x26
    x27
    x28
    x29
    x30
    x31
    x32
    x33
    x34
    x35
    x36
    x37
    x38
    x39
    x40
    x41
    x42
    x43
    x44
    x45
    x46
    x47
    x48
    x49
  obtaining best hyperparameters...
  found best hyperparameters (as follows):
    min_samples_split: 0.25
    max_depth: 30
out-of-bag score: 0.9375
---
train/test scoring method: balanced_accuracy_score
---
train set score: 0.95502387559689
train set: percent of 1 mislabeled to 0: 2.00%
train set: percent of 0 mislabeled to 1: 2.50%
---
test set score: 0.9202920292029203
test set: percent of 1 mislabeled to 0: 2.50%
test set: percent of 0 mislabeled to 1: 5.50%
---
scaling data...
imputing data...
predicting unknown class labels...
saving new output...
