scaling data...
splitting data...
extracting fully known data...
splitting data...
extracting fully known data...
training random forest...
  training RandomForestClassifier
  using variables:
    ML_Distance
    ML_Similarity
    dN_Distance
    dN_Similarity
    dS_Distance
    dS_Similarity
    AA_Distance
    AA_Similarity
    Ztest_Distance
    Ztest_Similarity
    dN/dS_Distance
    dN/dS_Similarity
  obtaining best hyperparameters...
  found best hyperparameters (as follows):
    min_samples_split: 0.3
    max_depth: 41

final trained classifier report
---
out-of-bag score: 0.7096774193548387
---
train/test scoring method: balanced_accuracy_score
---
train set score: 0.8246630727762803
train set: percent of introduced mislabeled to native: 0.36%
train set: percent of native mislabeled to introduced: 26.52%
---
test set score: 0.8333333333333333
test set: percent of introduced mislabeled to native: 0.00%
test set: percent of native mislabeled to introduced: 31.43%
---
feature permuation importances:
  dS_Distance      : 0.053 +/- 0.053
  AA_Distance      : 0.045 +/- 0.045
  dN_Distance      : 0.045 +/- 0.045
  ML_Distance      : 0.029 +/- 0.029
  dS_Similarity    : 0.000 +/- 0.000
  ML_Similarity    : 0.000 +/- 0.000
  AA_Similarity    : -0.000 +/- -0.000
  dN_Similarity    : -0.000 +/- -0.000
  Ztest_Distance   : -0.001 +/- -0.001
  Ztest_Similarity : -0.002 +/- -0.002
  dN/dS_Similarity : -0.002 +/- -0.002
  dN/dS_Distance   : -0.002 +/- -0.002
---
scaling data...
imputing data...
predicting unknown class labels...
saving new output...
