scaling data...
splitting data...
extracting fully known data...
splitting data...
extracting fully known data...
training random forest...
  training RandomForestClassifier
  using variables:
    ML_Distance
    ML_Similarity
    dN_Distance
    dN_Similarity
    dS_Distance
    dS_Similarity
    AA_Distance
    AA_Similarity
    Ztest_Distance
    Ztest_Similarity
    dN/dS_Distance
    dN/dS_Similarity
  obtaining best hyperparameters...
  found best hyperparameters (as follows):
    min_samples_split: 0.25
    max_depth: 33

final trained classifier report
---
out-of-bag score: 0.7491039426523297
---
train/test scoring method: balanced_accuracy_score
---
train set score: 0.8416442048517521
train set: percent of introduced mislabeled to native: 0.36%
train set: percent of native mislabeled to introduced: 23.30%
---
test set score: 0.6363636363636364
test set: percent of introduced mislabeled to native: 2.86%
test set: percent of native mislabeled to introduced: 21.43%
---
feature permuation importances:
  dS_Distance      : 0.089 +/- 0.089
  dN/dS_Distance   : 0.050 +/- 0.050
  dN_Distance      : 0.034 +/- 0.034
  ML_Distance      : 0.009 +/- 0.009
  ML_Similarity    : 0.002 +/- 0.002
  dS_Similarity    : 0.001 +/- 0.001
  dN/dS_Similarity : 0.000 +/- 0.000
  Ztest_Similarity : 0.000 +/- 0.000
  dN_Similarity    : 0.000 +/- 0.000
  Ztest_Distance   : 0.000 +/- 0.000
  AA_Similarity    : 0.000 +/- 0.000
  AA_Distance      : -0.009 +/- -0.009
---
