scaling data...
splitting data...
extracting fully known data...
training random forest...
  training RandomForestClassifier
  using variables:
    ML_Distance
    ML_Similarity
    dN_Distance
    dN_Similarity
    dS_Distance
    dS_Similarity
    AA_Distance
    AA_Similarity
    Ztest_Distance
    Ztest_Similarity
    dN/dS_Distance
    dN/dS_Similarity
  obtaining best hyperparameters...
  found best hyperparameters (as follows):
    min_samples_split: 0.4
    max_depth: 21
out-of-bag score: 0.6917562724014337
---
train/test scoring method: balanced_accuracy_score
---
train set score: 0.8133423180592991
train set: percent of introduced mislabeled to native: 0.36%
train set: percent of native mislabeled to introduced: 28.67%
---
test set score: 0.8560606060606061
test set: percent of introduced mislabeled to native: 0.00%
test set: percent of native mislabeled to introduced: 27.14%
---
saving confusion matrix...
imputing data...
predicting unknown class labels...
saving new output...
generating final graphs...
...done!
