scaling data...
splitting data...
extracting fully known data...
splitting data...
extracting fully known data...
training random forest...
  training RandomForestClassifier
  using variables:
    ML_Distance
    ML_Similarity
    dN_Distance
    dN_Similarity
    dS_Distance
    dS_Similarity
    AA_Distance
    AA_Similarity
    Ztest_Distance
    Ztest_Similarity
    dN/dS_Distance
    dN/dS_Similarity
  obtaining best hyperparameters...
  found best hyperparameters (as follows):
    min_samples_split: 0.2
    max_depth: 50

final trained classifier report
---
out-of-bag score: 0.8100358422939068
---
train/test scoring method: balanced_accuracy_score
---
train set score: 0.8774932614555256
train set: percent of introduced mislabeled to native: 0.36%
train set: percent of native mislabeled to introduced: 16.49%
---
test set score: 0.6666666666666667
test set: percent of introduced mislabeled to native: 2.86%
test set: percent of native mislabeled to introduced: 15.71%
---
feature permuation importances:
  AA_Distance      : 0.129 +/- 0.129
  dN/dS_Distance   : 0.036 +/- 0.036
  dN_Distance      : 0.021 +/- 0.021
  AA_Similarity    : 0.018 +/- 0.018
  dN_Similarity    : 0.017 +/- 0.017
  dN/dS_Similarity : 0.016 +/- 0.016
  Ztest_Similarity : 0.002 +/- 0.002
  Ztest_Distance   : 0.000 +/- 0.000
  dS_Similarity    : 0.000 +/- 0.000
  ML_Similarity    : 0.000 +/- 0.000
  ML_Distance      : -0.006 +/- -0.006
  dS_Distance      : -0.026 +/- -0.026
---
