scaling data...
splitting data...
extracting fully known data...
splitting data...
extracting fully known data...
training random forest...
  training RandomForestClassifier
  using variables:
    ML_Distance
    ML_Similarity
    dN_Distance
    dN_Similarity
    dS_Distance
    dS_Similarity
    AA_Distance
    AA_Similarity
    Ztest_Distance
    Ztest_Similarity
    dN/dS_Distance
    dN/dS_Similarity
  obtaining best hyperparameters...
  found best hyperparameters (as follows):
    min_samples_split: 0.4
    max_depth: 38

final trained classifier report
---
out-of-bag score: 0.7060931899641577
---
train/test scoring method: balanced_accuracy_score
---
train set score: 0.8152291105121294
train set: percent of introduced mislabeled to native: 0.36%
train set: percent of native mislabeled to introduced: 28.32%
---
test set score: 0.7386363636363636
test set: percent of introduced mislabeled to native: 1.43%
test set: percent of native mislabeled to introduced: 25.71%
---
feature permuation importances:
  AA_Distance      : 0.097 +/- 0.097
  Ztest_Similarity : 0.034 +/- 0.034
  ML_Similarity    : 0.021 +/- 0.021
  dS_Distance      : 0.018 +/- 0.018
  dN/dS_Distance   : 0.004 +/- 0.004
  dS_Similarity    : 0.002 +/- 0.002
  Ztest_Distance   : 0.000 +/- 0.000
  dN/dS_Similarity : 0.000 +/- 0.000
  AA_Similarity    : 0.000 +/- 0.000
  dN_Similarity    : 0.000 +/- 0.000
  dN_Distance      : -0.007 +/- -0.007
  ML_Distance      : -0.008 +/- -0.008
---
