scaling data...
splitting data...
extracting fully known data...
splitting data...
extracting fully known data...
training random forest...
  training RandomForestClassifier
  using variables:
    ML_Distance
    ML_Similarity
    dN_Distance
    dN_Similarity
    dS_Distance
    dS_Similarity
    AA_Distance
    AA_Similarity
    Ztest_Distance
    Ztest_Similarity
    dN/dS_Distance
    dN/dS_Similarity
  obtaining best hyperparameters...
  found best hyperparameters (as follows):
    min_samples_split: 0.2
    max_depth: 25

final trained classifier report
---
out-of-bag score: 0.8207885304659498
---
train/test scoring method: balanced_accuracy_score
---
train set score: 0.8793800539083558
train set: percent of introduced mislabeled to native: 0.36%
train set: percent of native mislabeled to introduced: 16.13%
---
test set score: 0.4166666666666667
test set: percent of introduced mislabeled to native: 5.71%
test set: percent of native mislabeled to introduced: 15.71%
---
feature permuation importances:
  AA_Distance      : 0.252 +/- 0.252
  dN_Similarity    : 0.016 +/- 0.016
  ML_Distance      : 0.016 +/- 0.016
  AA_Similarity    : 0.012 +/- 0.012
  dN/dS_Similarity : 0.011 +/- 0.011
  dN/dS_Distance   : 0.011 +/- 0.011
  dS_Distance      : 0.011 +/- 0.011
  dN_Distance      : 0.000 +/- 0.000
  Ztest_Distance   : 0.000 +/- 0.000
  Ztest_Similarity : -0.002 +/- -0.002
  ML_Similarity    : -0.002 +/- -0.002
  dS_Similarity    : -0.003 +/- -0.003
---
