scaling data...
splitting data...
extracting fully known data...
splitting data...
extracting fully known data...
training random forest...
  training RandomForestClassifier
  using variables:
    ML_Distance
    ML_Similarity
    dN_Distance
    dN_Similarity
    dS_Distance
    dS_Similarity
    AA_Distance
    AA_Similarity
    Ztest_Distance
    Ztest_Similarity
    dN/dS_Distance
    dN/dS_Similarity
  obtaining best hyperparameters...
  found best hyperparameters (as follows):
    min_samples_split: 0.3
    max_depth: 46

final trained classifier report
---
out-of-bag score: 0.7244444444444444
---
train/test scoring method: balanced_accuracy_score
---
train set score: 0.8365384615384616
train set: percent of introduced mislabeled to native: 0.44%
train set: percent of native mislabeled to introduced: 23.56%
---
test set score: 0.8981481481481481
test set: percent of introduced mislabeled to native: 0.00%
test set: percent of native mislabeled to introduced: 19.30%
---
feature permuation importances:
  AA_Distance      : 0.128 +/- 0.128
  dN_Distance      : 0.054 +/- 0.054
  ML_Distance      : 0.044 +/- 0.044
  dN/dS_Similarity : 0.025 +/- 0.025
  dN_Similarity    : 0.017 +/- 0.017
  dS_Distance      : 0.012 +/- 0.012
  AA_Similarity    : 0.010 +/- 0.010
  dN/dS_Distance   : 0.008 +/- 0.008
  ML_Similarity    : 0.003 +/- 0.003
  Ztest_Distance   : 0.002 +/- 0.002
  dS_Similarity    : 0.002 +/- 0.002
  Ztest_Similarity : 0.002 +/- 0.002
---
