scaling data...
splitting data...
extracting fully known data...
splitting data...
extracting fully known data...
training random forest...
  training RandomForestClassifier
  using variables:
    ML_Distance
    ML_Similarity
    dN_Distance
    dN_Similarity
    dS_Distance
    dS_Similarity
    AA_Distance
    AA_Similarity
    Ztest_Distance
    Ztest_Similarity
    dN/dS_Distance
    dN/dS_Similarity
  obtaining best hyperparameters...
  found best hyperparameters (as follows):
    min_samples_split: 0.4
    max_depth: 21
  generating 10 classifiers using found parameters...

final trained classifier report
---
out-of-bag score: 0.6989247311827957
---
train/test scoring method: balanced_accuracy_score
---
train set score: 0.8152291105121294
train set: percent of introduced mislabeled to native: 0.36%
train set: percent of native mislabeled to introduced: 28.32%
---
test set score: 0.8712121212121212
test set: percent of introduced mislabeled to native: 0.00%
test set: percent of native mislabeled to introduced: 24.29%
---
feature permuation importances:
  AA_Distance      : 0.047 +/- 0.047
  dN_Distance      : 0.045 +/- 0.045
  dS_Distance      : 0.039 +/- 0.039
  dN/dS_Distance   : 0.037 +/- 0.037
  ML_Distance      : 0.029 +/- 0.029
  AA_Similarity    : 0.000 +/- 0.000
  dN_Similarity    : 0.000 +/- 0.000
  dN/dS_Similarity : -0.001 +/- -0.001
  Ztest_Similarity : -0.001 +/- -0.001
  ML_Similarity    : -0.001 +/- -0.001
  Ztest_Distance   : -0.002 +/- -0.002
  dS_Similarity    : -0.002 +/- -0.002
---
scaling data...
imputing data...
predicting unknown class labels...
saving new output...
