scaling data...
splitting data...
extracting fully known data...
splitting data...
extracting fully known data...
training random forest...
  training RandomForestClassifier
  using variables:
    ML_Distance
    ML_Similarity
    dN_Distance
    dN_Similarity
    dS_Distance
    dS_Similarity
    AA_Distance
    AA_Similarity
    Ztest_Distance
    Ztest_Similarity
    dN/dS_Distance
    dN/dS_Similarity
  obtaining best hyperparameters...
  found best hyperparameters (as follows):
    min_samples_split: 0.25
    max_depth: 43

final trained classifier report
---
out-of-bag score: 0.7526881720430108
---
train/test scoring method: balanced_accuracy_score
---
train set score: 0.8397574123989219
train set: percent of introduced mislabeled to native: 0.36%
train set: percent of native mislabeled to introduced: 23.66%
---
test set score: 0.5757575757575757
test set: percent of introduced mislabeled to native: 2.86%
test set: percent of native mislabeled to introduced: 32.86%
---
feature permuation importances:
  AA_Distance      : 0.209 +/- 0.209
  Ztest_Similarity : 0.030 +/- 0.030
  dN_Similarity    : 0.013 +/- 0.013
  dS_Distance      : 0.006 +/- 0.006
  dS_Similarity    : 0.001 +/- 0.001
  ML_Similarity    : 0.001 +/- 0.001
  Ztest_Distance   : 0.000 +/- 0.000
  dN/dS_Similarity : 0.000 +/- 0.000
  AA_Similarity    : 0.000 +/- 0.000
  ML_Distance      : -0.012 +/- -0.012
  dN/dS_Distance   : -0.016 +/- -0.016
  dN_Distance      : -0.046 +/- -0.046
---
