scaling data...
splitting data...
extracting fully known data...
splitting data...
extracting fully known data...
training random forest...
  training RandomForestClassifier
  using variables:
    x0
    x1
    x2
    x3
    x4
    x5
    x6
    x7
    x8
    x9
    x10
    x11
  obtaining best hyperparameters...
  found best hyperparameters (as follows):
    min_samples_split: 0.05
    max_depth: 33
out-of-bag score: 0.96125
---
train/test scoring method: balanced_accuracy_score
---
train set score: 0.9700685629285183
train set: percent of 1 mislabeled to 0: 2.88%
train set: percent of 0 mislabeled to 1: 0.12%
---
test set score: 0.98
test set: percent of 1 mislabeled to 0: 2.00%
test set: percent of 0 mislabeled to 1: 0.00%
---
scaling data...
imputing data...
predicting unknown class labels...
saving new output...
scaling data...
splitting data...
extracting fully known data...
splitting data...
extracting fully known data...
training random forest...
  training RandomForestClassifier
  using variables:
    x0
    x1
    x2
    x3
    x4
    x5
    x6
    x7
    x8
    x9
    x10
    x11
  obtaining best hyperparameters...
  found best hyperparameters (as follows):
    min_samples_split: 0.1
    max_depth: 17
out-of-bag score: 0.922
---
train/test scoring method: balanced_accuracy_score
---
train set score: 0.9242556827659802
train set: percent of 0 mislabeled to 1: 4.92%
train set: percent of 1 mislabeled to 0: 2.65%
---
test set score: 0.9415
test set: percent of 0 mislabeled to 1: 4.15%
test set: percent of 1 mislabeled to 0: 1.70%
---
scaling data...
imputing data...
predicting unknown class labels...
saving new output...
scaling data...
splitting data...
extracting fully known data...
splitting data...
extracting fully known data...
training random forest...
  training RandomForestClassifier
  using variables:
    x0
    x1
    x2
    x3
    x4
    x5
    x6
    x7
    x8
    x9
    x10
    x11
  obtaining best hyperparameters...
