scaling data...
splitting data...
extracting fully known data...
training random forest...
  training RandomForestClassifier
  using variables:
    ML_Distance
    ML_Similarity
    dN_Distance
    dN_Similarity
    dS_Distance
    dS_Similarity
    AA_Distance
    AA_Similarity
    Ztest_Distance
    Ztest_Similarity
    dN/dS_Distance
    dN/dS_Similarity
  obtaining best hyperparameters...
  found best hyperparameters (as follows):
    min_samples_split: 0.35000000000000003
    max_depth: 35
out-of-bag score: 0.7204301075268817
---
train/test scoring method: balanced_accuracy_score
---
train set score: 0.8622641509433961
train set: percent of introduced mislabeled to native: 0.00%
train set: percent of native mislabeled to introduced: 26.16%
---
test set score: 0.6212121212121212
test set: percent of introduced mislabeled to native: 2.86%
test set: percent of native mislabeled to introduced: 24.29%
---
saving confusion matrix...
imputing data...
predicting unknown class labels...
saving new output...
generating final graphs...
...done!
