scaling data...
splitting data...
extracting fully known data...
splitting data...
extracting fully known data...
training random forest...
  training RandomForestClassifier
  using variables:
    ML_Distance
    ML_Similarity
    dN_Distance
    dN_Similarity
    dS_Distance
    dS_Similarity
    AA_Distance
    AA_Similarity
    Ztest_Distance
    Ztest_Similarity
    dN/dS_Distance
    dN/dS_Similarity
  obtaining best hyperparameters...
  found best hyperparameters (as follows):
    min_samples_split: 0.3
    max_depth: 49

final trained classifier report
---
out-of-bag score: 0.7240143369175627
---
train/test scoring method: balanced_accuracy_score
---
train set score: 0.8265498652291106
train set: percent of introduced mislabeled to native: 0.36%
train set: percent of native mislabeled to introduced: 26.16%
---
test set score: 0.8484848484848485
test set: percent of introduced mislabeled to native: 0.00%
test set: percent of native mislabeled to introduced: 28.57%
---
feature permuation importances:
  dN/dS_Distance   : 0.035 +/- 0.035
  dS_Distance      : 0.033 +/- 0.033
  ML_Distance      : 0.031 +/- 0.031
  dN_Distance      : 0.029 +/- 0.029
  AA_Distance      : 0.015 +/- 0.015
  Ztest_Similarity : 0.011 +/- 0.011
  dN/dS_Similarity : -0.002 +/- -0.002
  AA_Similarity    : -0.002 +/- -0.002
  Ztest_Distance   : -0.002 +/- -0.002
  dS_Similarity    : -0.002 +/- -0.002
  dN_Similarity    : -0.002 +/- -0.002
  ML_Similarity    : -0.003 +/- -0.003
---
scaling data...
imputing data...
predicting unknown class labels...
saving new output...
