scaling data...
splitting data...
extracting fully known data...
splitting data...
extracting fully known data...
training random forest...
  training RandomForestClassifier
  using variables:
    ML_Distance
    ML_Similarity
    dN_Distance
    dN_Similarity
    dS_Distance
    dS_Similarity
    AA_Distance
    AA_Similarity
    Ztest_Distance
    Ztest_Similarity
    dN/dS_Distance
    dN/dS_Similarity
  obtaining best hyperparameters...
  found best hyperparameters (as follows):
    min_samples_split: 0.3
    max_depth: 47

final trained classifier report
---
out-of-bag score: 0.7060931899641577
---
train/test scoring method: balanced_accuracy_score
---
train set score: 0.8622641509433961
train set: percent of introduced mislabeled to native: 0.00%
train set: percent of native mislabeled to introduced: 26.16%
---
test set score: 0.7537878787878788
test set: percent of introduced mislabeled to native: 1.43%
test set: percent of native mislabeled to introduced: 22.86%
---
feature permuation importances:
  AA_Distance      : 0.038 +/- 0.038
  ML_Distance      : 0.022 +/- 0.022
  dN_Distance      : 0.019 +/- 0.019
  dS_Distance      : 0.016 +/- 0.016
  dN/dS_Distance   : 0.006 +/- 0.006
  Ztest_Similarity : 0.004 +/- 0.004
  dN/dS_Similarity : 0.001 +/- 0.001
  dS_Similarity    : 0.000 +/- 0.000
  AA_Similarity    : -0.001 +/- -0.001
  dN_Similarity    : -0.001 +/- -0.001
  ML_Similarity    : -0.001 +/- -0.001
  Ztest_Distance   : -0.002 +/- -0.002
---
scaling data...
splitting data...
extracting fully known data...
splitting data...
extracting fully known data...
training random forest...
  training RandomForestClassifier
  using variables:
    ML_Distance
    ML_Similarity
    dN_Distance
    dN_Similarity
    dS_Distance
    dS_Similarity
    AA_Distance
    AA_Similarity
    Ztest_Distance
    Ztest_Similarity
    dN/dS_Distance
    dN/dS_Similarity
  obtaining best hyperparameters...
  found best hyperparameters (as follows):
    min_samples_split: 0.35000000000000003
    max_depth: 46

final trained classifier report
---
out-of-bag score: 0.7025089605734767
---
train/test scoring method: balanced_accuracy_score
---
train set score: 0.8190026954177898
train set: percent of introduced mislabeled to native: 0.36%
train set: percent of native mislabeled to introduced: 27.60%
---
test set score: 0.8409090909090908
test set: percent of introduced mislabeled to native: 0.00%
test set: percent of native mislabeled to introduced: 30.00%
---
feature permuation importances:
  AA_Distance      : 0.055 +/- 0.055
  dN_Distance      : 0.049 +/- 0.049
  ML_Distance      : 0.043 +/- 0.043
  dS_Distance      : 0.025 +/- 0.025
  dN/dS_Distance   : 0.004 +/- 0.004
  dN/dS_Similarity : 0.002 +/- 0.002
  AA_Similarity    : 0.000 +/- 0.000
  dN_Similarity    : 0.000 +/- 0.000
  ML_Similarity    : 0.000 +/- 0.000
  dS_Similarity    : -0.001 +/- -0.001
  Ztest_Similarity : -0.002 +/- -0.002
  Ztest_Distance   : -0.002 +/- -0.002
---
