scaling data...
splitting data...
extracting fully known data...
splitting data...
extracting fully known data...
training random forest...
  training RandomForestClassifier
  using variables:
    ML_Distance
    ML_Similarity
    dN_Distance
    dN_Similarity
    dS_Distance
    dS_Similarity
    AA_Distance
    AA_Similarity
    Ztest_Distance
    Ztest_Similarity
    dN/dS_Distance
    dN/dS_Similarity
  obtaining best hyperparameters...
  found best hyperparameters (as follows):
    min_samples_split: 0.2
    max_depth: 45
out-of-bag score: 0.8088888888888889
---
train/test scoring method: balanced_accuracy_score
---
train set score: 0.8813497822931786
train set: percent of introduced mislabeled to native: 0.44%
train set: percent of native mislabeled to introduced: 15.11%
---
test set score: 0.7777777777777777
test set: percent of introduced mislabeled to native: 1.75%
test set: percent of native mislabeled to introduced: 10.53%
---
scaling data...
imputing data...
scaling data...
imputing data...
predicting unknown class labels...
saving new output...
scaling data...
splitting data...
extracting fully known data...
splitting data...
extracting fully known data...
training random forest...
  training RandomForestClassifier
  using variables:
    ML_Distance
    ML_Similarity
    dN_Distance
    dN_Similarity
    dS_Distance
    dS_Similarity
    AA_Distance
    AA_Similarity
    Ztest_Distance
    Ztest_Similarity
    dN/dS_Distance
    dN/dS_Similarity
  obtaining best hyperparameters...
  found best hyperparameters (as follows):
    min_samples_split: 0.4
    max_depth: 18
out-of-bag score: 0.7096774193548387
---
train/test scoring method: balanced_accuracy_score
---
train set score: 0.8190026954177898
train set: percent of introduced mislabeled to native: 0.36%
train set: percent of native mislabeled to introduced: 27.60%
---
test set score: 0.6060606060606061
test set: percent of introduced mislabeled to native: 2.86%
test set: percent of native mislabeled to introduced: 27.14%
---
