scaling data...
splitting data...
extracting fully known data...
splitting data...
extracting fully known data...
training random forest...
  training RandomForestClassifier
  using variables:
    ML_Distance
    ML_Similarity
    dN_Distance
    dN_Similarity
    dS_Distance
    dS_Similarity
    AA_Distance
    AA_Similarity
    Ztest_Distance
    Ztest_Similarity
    dN/dS_Distance
    dN/dS_Similarity
  obtaining best hyperparameters...
  found best hyperparameters (as follows):
    min_samples_split: 0.3
    max_depth: 24

final trained classifier report
---
out-of-bag score: 0.6881720430107527
---
train/test scoring method: balanced_accuracy_score
---
train set score: 0.8133423180592991
train set: percent of introduced mislabeled to native: 0.36%
train set: percent of native mislabeled to introduced: 28.67%
---
test set score: 0.9166666666666667
test set: percent of introduced mislabeled to native: 0.00%
test set: percent of native mislabeled to introduced: 15.71%
---
feature permuation importances:
  AA_Distance      : 0.075 +/- 0.075
  dS_Distance      : 0.071 +/- 0.071
  dN_Distance      : 0.071 +/- 0.071
  ML_Distance      : 0.043 +/- 0.043
  dN/dS_Distance   : 0.029 +/- 0.029
  dN/dS_Similarity : 0.000 +/- 0.000
  dS_Similarity    : -0.000 +/- -0.000
  ML_Similarity    : -0.001 +/- -0.001
  Ztest_Distance   : -0.001 +/- -0.001
  AA_Similarity    : -0.001 +/- -0.001
  dN_Similarity    : -0.001 +/- -0.001
  Ztest_Similarity : -0.002 +/- -0.002
---
