scaling data...
splitting data...
extracting fully known data...
training random forest...
  obtaining best hyperparameters...
  found best hyperparameters (as follows):
    min_samples_split: 0.45
    max_depth: 10
out-of-bag score: 0.7021276595744681
---
train set BA: 0.8134469696969697
train set: percent of introduced mislabeled to native: 0.53%
train set: percent of native mislabeled to introduced: 27.13%
---
test set BA : 0.7954545454545454
test set: percent of introduced mislabeled to native: 0.00%
test set: percent of native mislabeled to introduced: 38.30%
---
saving confusion matrix...
imputing data...
saving new output...
generating final graphs...
...done!
