scaling data...
splitting data...
extracting fully known data...
training random forest...
  obtaining best hyperparameters...
  found best hyperparameters (as follows):
    min_samples_split: 0.45
    max_depth: 28
  generating 10 classifiers using found parameters...
out-of-bag score: 0.6595744680851063
---
train set BA: 0.793560606060606
train set: percent of introduced mislabeled to native: 0.53%
train set: percent of native mislabeled to introduced: 30.85%
---
test set BA : 0.875
test set: percent of introduced mislabeled to native: 0.00%
test set: percent of native mislabeled to introduced: 23.40%
---
saving confusion matrix...
imputing data...
saving new output...
generating final graphs...
...done!
