scaling data...
splitting data...
extracting fully known data...
  training using variables:
    ML_Distance
    ML_Similarity
    dN_Distance
    dN_Similarity
    dS_Distance
    dS_Similarity
    AA_Distance
    AA_Similarity
    Ztest_Distance
    Ztest_Similarity
    dN/dS_Distance
    dN/dS_Similarity
  obtaining best hyperparameters...
  found best hyperparameters (as follows):
    min_samples_split: 0.45
    max_depth: 41
out-of-bag score: 0.7383512544802867
---
train set BA: 0.8340970350404313
train set: percent of introduced mislabeled to native: 0.36%
train set: percent of native mislabeled to introduced: 24.73%
---
test set BA : 0.8409090909090908
test set: percent of introduced mislabeled to native: 0.00%
test set: percent of native mislabeled to introduced: 30.00%
---
imputing data...
predicting unknown class labels...
