scaling data...
splitting data...
extracting fully known data...
training random forest...
  obtaining best hyperparameters...
  found best hyperparameters (as follows):
    min_samples_split: 0.4
    max_depth: 11
  generating 1000 classifiers using found parameters...
out-of-bag score: 0.6881720430107527
---
train set BA: 0.8152291105121294
train set: percent of introduced mislabeled to native: 0.36%
train set: percent of native mislabeled to introduced: 28.32%
---
test set BA : 0.9166666666666667
test set: percent of introduced mislabeled to native: 0.00%
test set: percent of native mislabeled to introduced: 15.71%
---
saving confusion matrix...
imputing data...
predicting unknown class labels...
saving new output...
generating final graphs...
...done!
