scaling data...
splitting data...
extracting fully known data...
training random forest...
  training using variables:
    ML_Distance
    ML_Similarity
    dN_Distance
    dN_Similarity
    dS_Distance
    dS_Similarity
    AA_Distance
    AA_Similarity
    Ztest_Distance
    Ztest_Similarity
    dN/dS_Distance
    dN/dS_Similarity
  obtaining best hyperparameters...
  found best hyperparameters (as follows):
    min_samples_split: 0.25
    max_depth: 10
out-of-bag score: 0.7455197132616488
---
train set BA: 0.8435309973045823
train set: percent of introduced mislabeled to native: 0.36%
train set: percent of native mislabeled to introduced: 22.94%
---
test set BA : 0.5037878787878788
test set: percent of introduced mislabeled to native: 4.29%
test set: percent of native mislabeled to introduced: 22.86%
---
